Build started 09/11/2017 10:42:30 AM.
     1>Project "E:\Study\Bachelors\3 semester\BITF12M043_without blink\ConsoleApplica\ConsoleApplica.vcxproj" on node 2 (Build target(s)).
     1>ClCompile:
         C:\Program Files (x86)\Microsoft Visual Studio 12.0\VC\bin\CL.exe /c /ZI /nologo /W3 /WX- /Od /Oy- /D WIN32 /D _DEBUG /D _CONSOLE /D _UNICODE /D UNICODE /Gm /EHsc /RTC1 /MDd /GS /fp:precise /Zc:wchar_t /Zc:forScope /Fo"Debug\\" /Fd"Debug\vc120.pdb" /Gd /TP /analyze- /errorReport:prompt Game.cpp KEYSTROKE.cpp map.cpp pacmanDriver.cpp pacmanImplement.cpp TwoDimensionalGame.cpp
         TwoDimensionalGame.cpp
         pacmanImplement.cpp
     1>e:\study\bachelors\3 semester\bitf12m043_without blink\consoleapplica\pacmanimplement.cpp(128): warning C4129: '(' : unrecognized character escape sequence
         pacmanDriver.cpp
     1>e:\study\bachelors\3 semester\bitf12m043_without blink\consoleapplica\pacmandriver.cpp(69): warning C4258: 'i' : definition from the for loop is ignored; the definition from the enclosing scope is used
                 e:\study\bachelors\3 semester\bitf12m043_without blink\consoleapplica\pacmandriver.cpp(65) : definition of 'i' ignored
                 e:\study\bachelors\3 semester\bitf12m043_without blink\consoleapplica\pacmandriver.cpp(63) : definition of 'i' used
     1>e:\study\bachelors\3 semester\bitf12m043_without blink\consoleapplica\pacmandriver.cpp(82): warning C4258: 'i' : definition from the for loop is ignored; the definition from the enclosing scope is used
                 e:\study\bachelors\3 semester\bitf12m043_without blink\consoleapplica\pacmandriver.cpp(65) : definition of 'i' ignored
                 e:\study\bachelors\3 semester\bitf12m043_without blink\consoleapplica\pacmandriver.cpp(63) : definition of 'i' used
     1>e:\study\bachelors\3 semester\bitf12m043_without blink\consoleapplica\pacmandriver.cpp(83): warning C4258: 'i' : definition from the for loop is ignored; the definition from the enclosing scope is used
                 e:\study\bachelors\3 semester\bitf12m043_without blink\consoleapplica\pacmandriver.cpp(65) : definition of 'i' ignored
                 e:\study\bachelors\3 semester\bitf12m043_without blink\consoleapplica\pacmandriver.cpp(63) : definition of 'i' used
     1>e:\study\bachelors\3 semester\bitf12m043_without blink\consoleapplica\pacmandriver.cpp(144): warning C4551: function call missing argument list
     1>e:\study\bachelors\3 semester\bitf12m043_without blink\consoleapplica\pacmandriver.cpp(175): warning C4996: 'getch': The POSIX name for this item is deprecated. Instead, use the ISO C++ conformant name: _getch. See online help for details.
                 c:\program files (x86)\microsoft visual studio 12.0\vc\include\conio.h(131) : see declaration of 'getch'
     1>e:\study\bachelors\3 semester\bitf12m043_without blink\consoleapplica\pacmandriver.cpp(232): warning C4996: 'getch': The POSIX name for this item is deprecated. Instead, use the ISO C++ conformant name: _getch. See online help for details.
                 c:\program files (x86)\microsoft visual studio 12.0\vc\include\conio.h(131) : see declaration of 'getch'
     1>e:\study\bachelors\3 semester\bitf12m043_without blink\consoleapplica\pacmandriver.cpp(234): warning C4996: 'getch': The POSIX name for this item is deprecated. Instead, use the ISO C++ conformant name: _getch. See online help for details.
                 c:\program files (x86)\microsoft visual studio 12.0\vc\include\conio.h(131) : see declaration of 'getch'
     1>e:\study\bachelors\3 semester\bitf12m043_without blink\consoleapplica\pacmandriver.cpp(262): warning C4996: 'getch': The POSIX name for this item is deprecated. Instead, use the ISO C++ conformant name: _getch. See online help for details.
                 c:\program files (x86)\microsoft visual studio 12.0\vc\include\conio.h(131) : see declaration of 'getch'
     1>e:\study\bachelors\3 semester\bitf12m043_without blink\consoleapplica\pacmandriver.cpp(264): warning C4996: 'getch': The POSIX name for this item is deprecated. Instead, use the ISO C++ conformant name: _getch. See online help for details.
                 c:\program files (x86)\microsoft visual studio 12.0\vc\include\conio.h(131) : see declaration of 'getch'
     1>e:\study\bachelors\3 semester\bitf12m043_without blink\consoleapplica\pacmandriver.cpp(351): warning C4996: '_sleep': This function or variable has been superceded by newer library or operating system functionality. Consider using Sleep instead. See online help for details.
                 c:\program files (x86)\microsoft visual studio 12.0\vc\include\stdlib.h(911) : see declaration of '_sleep'
     1>e:\study\bachelors\3 semester\bitf12m043_without blink\consoleapplica\pacmandriver.cpp(365): warning C4996: '_sleep': This function or variable has been superceded by newer library or operating system functionality. Consider using Sleep instead. See online help for details.
                 c:\program files (x86)\microsoft visual studio 12.0\vc\include\stdlib.h(911) : see declaration of '_sleep'
     1>e:\study\bachelors\3 semester\bitf12m043_without blink\consoleapplica\pacmandriver.cpp(381): warning C4996: '_sleep': This function or variable has been superceded by newer library or operating system functionality. Consider using Sleep instead. See online help for details.
                 c:\program files (x86)\microsoft visual studio 12.0\vc\include\stdlib.h(911) : see declaration of '_sleep'
         map.cpp
     1>e:\study\bachelors\3 semester\bitf12m043_without blink\consoleapplica\map.cpp(27): warning C4309: '=' : truncation of constant value
         KEYSTROKE.cpp
         Game.cpp
         Generating Code...
     1>e:\study\bachelors\3 semester\bitf12m043_without blink\consoleapplica\pacmandriver.cpp(204): warning C4715: 'menu' : not all control paths return a value
       Link:
         C:\Program Files (x86)\Microsoft Visual Studio 12.0\VC\bin\link.exe /ERRORREPORT:PROMPT /OUT:"E:\Study\Bachelors\3 semester\BITF12M043_without blink\Debug\ConsoleApplica.exe" /INCREMENTAL /NOLOGO kernel32.lib user32.lib gdi32.lib winspool.lib comdlg32.lib advapi32.lib shell32.lib ole32.lib oleaut32.lib uuid.lib odbc32.lib odbccp32.lib /MANIFEST /MANIFESTUAC:"level='asInvoker' uiAccess='false'" /manifest:embed /DEBUG /PDB:"E:\Study\Bachelors\3 semester\BITF12M043_without blink\Debug\ConsoleApplica.pdb" /SUBSYSTEM:CONSOLE /TLBID:1 /DYNAMICBASE /NXCOMPAT /IMPLIB:"E:\Study\Bachelors\3 semester\BITF12M043_without blink\Debug\ConsoleApplica.lib" /MACHINE:X86 Debug\Game.obj
         Debug\KEYSTROKE.obj
         Debug\map.obj
         Debug\pacmanDriver.obj
         Debug\pacmanImplement.obj
         Debug\TwoDimensionalGame.obj
         ConsoleApplica.vcxproj -> E:\Study\Bachelors\3 semester\BITF12M043_without blink\Debug\ConsoleApplica.exe
     1>Done Building Project "E:\Study\Bachelors\3 semester\BITF12M043_without blink\ConsoleApplica\ConsoleApplica.vcxproj" (Build target(s)).

Build succeeded.

Time Elapsed 00:00:19.24
