I:\BITF12M043_WITHOUT BLINK\CONSOLEAPPLICA\DEBUG\GAME.OBJ
I:\BITF12M043_WITHOUT BLINK\CONSOLEAPPLICA\DEBUG\KEYSTROKE.OBJ
I:\BITF12M043_WITHOUT BLINK\CONSOLEAPPLICA\DEBUG\MAP.OBJ
I:\BITF12M043_WITHOUT BLINK\CONSOLEAPPLICA\DEBUG\PACMANDRIVER.OBJ
I:\BITF12M043_WITHOUT BLINK\CONSOLEAPPLICA\DEBUG\PACMANIMPLEMENT.OBJ
I:\BITF12M043_WITHOUT BLINK\CONSOLEAPPLICA\DEBUG\TWODIMENSIONALGAME.OBJ
I:\BITF12M043_WITHOUT BLINK\CONSOLEAPPLICA\DEBUG\VC110.PDB
I:\3 SEMESTER\BITF12M043_WITHOUT BLINK\CONSOLEAPPLICA\DEBUG\GAME.OBJ
I:\3 SEMESTER\BITF12M043_WITHOUT BLINK\CONSOLEAPPLICA\DEBUG\KEYSTROKE.OBJ
I:\3 SEMESTER\BITF12M043_WITHOUT BLINK\CONSOLEAPPLICA\DEBUG\MAP.OBJ
I:\3 SEMESTER\BITF12M043_WITHOUT BLINK\CONSOLEAPPLICA\DEBUG\PACMANDRIVER.OBJ
I:\3 SEMESTER\BITF12M043_WITHOUT BLINK\CONSOLEAPPLICA\DEBUG\PACMANIMPLEMENT.OBJ
I:\3 SEMESTER\BITF12M043_WITHOUT BLINK\CONSOLEAPPLICA\DEBUG\TWODIMENSIONALGAME.OBJ
I:\3 SEMESTER\BITF12M043_WITHOUT BLINK\CONSOLEAPPLICA\DEBUG\VC110.PDB
I:\BITF12M043_WITHOUT BLINK\DEBUG\CONSOLEAPPLICA.ILK
I:\BITF12M043_WITHOUT BLINK\DEBUG\CONSOLEAPPLICA.EXE
I:\BITF12M043_WITHOUT BLINK\DEBUG\CONSOLEAPPLICA.PDB
I:\3 SEMESTER\BITF12M043_WITHOUT BLINK\DEBUG\CONSOLEAPPLICA.ILK
I:\3 SEMESTER\BITF12M043_WITHOUT BLINK\DEBUG\CONSOLEAPPLICA.EXE
I:\3 SEMESTER\BITF12M043_WITHOUT BLINK\DEBUG\CONSOLEAPPLICA.PDB
I:\3 semester\BITF12M043_without blink\ConsoleApplica\Debug\Game.obj
I:\3 semester\BITF12M043_without blink\ConsoleApplica\Debug\KEYSTROKE.obj
I:\3 semester\BITF12M043_without blink\ConsoleApplica\Debug\map.obj
I:\3 semester\BITF12M043_without blink\ConsoleApplica\Debug\pacmanDriver.obj
I:\3 semester\BITF12M043_without blink\ConsoleApplica\Debug\pacmanImplement.obj
I:\3 semester\BITF12M043_without blink\ConsoleApplica\Debug\TwoDimensionalGame.obj
I:\3 semester\BITF12M043_without blink\ConsoleApplica\Debug\cl.command.1.tlog
I:\3 semester\BITF12M043_without blink\ConsoleApplica\Debug\CL.read.1.tlog
I:\3 semester\BITF12M043_without blink\ConsoleApplica\Debug\CL.write.1.tlog
I:\3 semester\BITF12M043_without blink\ConsoleApplica\Debug\link-cvtres.read.1.tlog
I:\3 semester\BITF12M043_without blink\ConsoleApplica\Debug\link-cvtres.write.1.tlog
I:\3 semester\BITF12M043_without blink\ConsoleApplica\Debug\link-rc.read.1.tlog
I:\3 semester\BITF12M043_without blink\ConsoleApplica\Debug\link-rc.write.1.tlog
I:\3 semester\BITF12M043_without blink\ConsoleApplica\Debug\link.command.1.tlog
I:\3 semester\BITF12M043_without blink\ConsoleApplica\Debug\link.read.1.tlog
I:\3 semester\BITF12M043_without blink\ConsoleApplica\Debug\link.write.1.tlog
I:\3 semester\BITF12M043_without blink\ConsoleApplica\Debug\vc110.idb
I:\3 semester\BITF12M043_without blink\ConsoleApplica\Debug\vc110.pdb
I:\3 semester\BITF12M043_without blink\Debug\ConsoleApplica.pdb
I:\3 semester\BITF12M043_without blink\Debug\ConsoleApplica.exe
I:\3 semester\BITF12M043_without blink\Debug\ConsoleApplica.ilk
